<?xml version="1.0" encoding="UTF-8"?>
<testsuite xmlns:xsi="http://www.w3.org/2001/XMLSchema-instance" xsi:noNamespaceSchemaLocation="https://maven.apache.org/surefire/maven-surefire-plugin/xsd/surefire-test-report-3.0.xsd" version="3.0" name="flight.reservation.ScheduleTest$GivenAnExistingSchedule$AFlightIsSearched" time="0.006" tests="3" errors="0" skipped="0" failures="0">
  <properties>
[...]
</properties>
  <testcase name="thenScheduleShouldContainOneElement" classname="flight.reservation.ScheduleTest$GivenAnExistingSchedule" time="0.026"/>
  <testcase name="thenTheFlightShouldBeReturned" classname="flight.reservation.ScheduleTest$GivenAnExistingSchedule$AFlightIsSearched" time="0.002"/>
  <testcase name="thenNullShouldBeReturned" classname="flight.reservation.ScheduleTest$GivenAnExistingSchedule$AFlightIsSearched" time="0.002"/>
</testsuite>